<?xml version="1.0" encoding="UTF-8"?>
<testng-results ignored="0" total="1" passed="1" failed="0" skipped="0">
  <reporter-output>
  </reporter-output>
  <suite started-at="2024-01-04T20:11:20 IST" name="opencart_Suite" finished-at="2024-01-04T20:11:31 IST" duration-ms="11321">
    <groups>
    </groups>
    <test started-at="2024-01-04T20:11:20 IST" name="opencart_Test" finished-at="2024-01-04T20:11:31 IST" duration-ms="11321">
      <class name="TestClass.TC_homepagelogin">
        <test-method is-config="true" signature="setup(java.lang.String)[pri:0, instance:TestClass.TC_homepagelogin@55a147cc]" started-at="2024-01-04T20:11:20 IST" name="setup" finished-at="2024-01-04T20:11:30 IST" duration-ms="9400" status="PASS">
          <params>
            <param index="0">
              <value>
                <![CDATA[chrome]]>
              </value>
            </param>
          </params>
          <reporter-output>
          </reporter-output>
        </test-method> <!-- setup -->
        <test-method signature="homepagelogin()[pri:0, instance:TestClass.TC_homepagelogin@55a147cc]" started-at="2024-01-04T20:11:30 IST" name="homepagelogin" finished-at="2024-01-04T20:11:31 IST" duration-ms="1324" status="PASS">
          <reporter-output>
          </reporter-output>
        </test-method> <!-- homepagelogin -->
      </class> <!-- TestClass.TC_homepagelogin -->
    </test> <!-- opencart_Test -->
  </suite> <!-- opencart_Suite -->
</testng-results>
